1615988731800	mozrunner::runner	INFO	Running command: "/usr/bin/firefox" "-marionette" "-foreground" "-no-remote" "-profile" "/tmp/rust_mozprofileyuEfeW"
Error: no DISPLAY environment variable specified
1615988749885	mozrunner::runner	INFO	Running command: "/usr/bin/firefox" "-marionette" "-foreground" "-no-remote" "-profile" "/tmp/rust_mozprofileGSBQej"
Error: no DISPLAY environment variable specified
1615988785172	mozrunner::runner	INFO	Running command: "/usr/bin/firefox" "-marionette" "-foreground" "-no-remote" "-profile" "/tmp/rust_mozprofilenI5gIr"
Error: no DISPLAY environment variable specified
1615988815260	mozrunner::runner	INFO	Running command: "/usr/bin/firefox" "-marionette" "-foreground" "-no-remote" "-profile" "/tmp/rust_mozprofilesVlRZT"
Error: no DISPLAY environment variable specified
1615988987827	mozrunner::runner	INFO	Running command: "/usr/bin/firefox" "-marionette" "-foreground" "-no-remote" "-profile" "/tmp/rust_mozprofileFaaHiH"
Error: no DISPLAY environment variable specified
1615989055840	mozrunner::runner	INFO	Running command: "/usr/bin/firefox" "-marionette" "-foreground" "-no-remote" "-profile" "/tmp/rust_mozprofile2ggiWZ"
Error: no DISPLAY environment variable specified
1615989152470	mozrunner::runner	INFO	Running command: "/usr/bin/firefox" "-marionette" "-headless" "-foreground" "-no-remote" "-profile" "/tmp/rust_mozprofilenPSKpA"
*** You are running in headless mode.
[GFX1-]: glxtest: libpci missing
[GFX1-]: glxtest: Unable to open a connection to the X server
[GFX1-]: glxtest: libEGL initialize failed
[GFX1-]: No GPUs detected via PCI

(/usr/lib/firefox/firefox:237): GLib-GObject-CRITICAL **: 13:52:33.545: g_object_set: assertion 'G_IS_OBJECT (object)' failed

(/usr/lib/firefox/firefox:255): GLib-GObject-CRITICAL **: 13:52:33.663: g_object_set: assertion 'G_IS_OBJECT (object)' failed
console.warn: SearchSettings: "get: No settings file exists, new profile?" (new Error("", "(unknown module)"))
1615989154782	Marionette	INFO	Listening on port 34111
1615989154807	Marionette	WARN	TLS certificate errors will be ignored for this session

(/usr/lib/firefox/firefox:315): GLib-GObject-CRITICAL **: 13:52:34.909: g_object_set: assertion 'G_IS_OBJECT (object)' failed
console.error: Region.jsm: "Error fetching region" (new TypeError("NetworkError when attempting to fetch resource.", ""))
console.error: Region.jsm: "Failed to fetch region" (new Error("NO_RESULT", "resource://gre/modules/Region.jsm", 422))
1615989230147	mozrunner::runner	INFO	Running command: "/usr/bin/firefox" "-marionette" "-headless" "-foreground" "-no-remote" "-profile" "/tmp/rust_mozprofileaLdXed"
*** You are running in headless mode.
[GFX1-]: glxtest: libpci missing
[GFX1-]: glxtest: Unable to open a connection to the X server
[GFX1-]: glxtest: libEGL initialize failed
[GFX1-]: No GPUs detected via PCI

(/usr/lib/firefox/firefox:411): GLib-GObject-CRITICAL **: 13:53:50.878: g_object_set: assertion 'G_IS_OBJECT (object)' failed

(/usr/lib/firefox/firefox:426): GLib-GObject-CRITICAL **: 13:53:50.979: g_object_set: assertion 'G_IS_OBJECT (object)' failed
console.warn: SearchSettings: "get: No settings file exists, new profile?" (new Error("", "(unknown module)"))
1615989231980	Marionette	INFO	Listening on port 45111

(/usr/lib/firefox/firefox:490): GLib-GObject-CRITICAL **: 13:53:52.042: g_object_set: assertion 'G_IS_OBJECT (object)' failed
1615989232077	Marionette	WARN	TLS certificate errors will be ignored for this session
1615989267979	mozrunner::runner	INFO	Running command: "/usr/bin/firefox" "-marionette" "-headless" "-foreground" "-no-remote" "-profile" "/tmp/rust_mozprofileSTXiYP"
*** You are running in headless mode.
[GFX1-]: glxtest: libpci missing
[GFX1-]: glxtest: Unable to open a connection to the X server
[GFX1-]: glxtest: libEGL initialize failed
[GFX1-]: No GPUs detected via PCI

(/usr/lib/firefox/firefox:573): GLib-GObject-CRITICAL **: 13:54:28.719: g_object_set: assertion 'G_IS_OBJECT (object)' failed

(/usr/lib/firefox/firefox:588): GLib-GObject-CRITICAL **: 13:54:28.815: g_object_set: assertion 'G_IS_OBJECT (object)' failed
console.warn: SearchSettings: "get: No settings file exists, new profile?" (new Error("", "(unknown module)"))
1615989269760	Marionette	INFO	Listening on port 40985
1615989269808	Marionette	WARN	TLS certificate errors will be ignored for this session

(/usr/lib/firefox/firefox:646): GLib-GObject-CRITICAL **: 13:54:29.922: g_object_set: assertion 'G_IS_OBJECT (object)' failed
1615989283957	Marionette	WARN	Ignoring event 'DOMContentLoaded' because document has an invalid readyState of 'complete'.
1615989302889	mozrunner::runner	INFO	Running command: "/usr/bin/firefox" "-marionette" "-headless" "-foreground" "-no-remote" "-profile" "/tmp/rust_mozprofiledNXG0o"
*** You are running in headless mode.
[GFX1-]: glxtest: libpci missing
[GFX1-]: glxtest: Unable to open a connection to the X server
[GFX1-]: glxtest: libEGL initialize failed
[GFX1-]: No GPUs detected via PCI

(/usr/lib/firefox/firefox:751): GLib-GObject-CRITICAL **: 13:55:03.704: g_object_set: assertion 'G_IS_OBJECT (object)' failed

(/usr/lib/firefox/firefox:767): GLib-GObject-CRITICAL **: 13:55:03.783: g_object_set: assertion 'G_IS_OBJECT (object)' failed
console.warn: SearchSettings: "get: No settings file exists, new profile?" (new Error("", "(unknown module)"))
1615989304820	Marionette	INFO	Listening on port 35829

(/usr/lib/firefox/firefox:830): GLib-GObject-CRITICAL **: 13:55:04.875: g_object_set: assertion 'G_IS_OBJECT (object)' failed
1615989304932	Marionette	WARN	TLS certificate errors will be ignored for this session
console.error: Region.jsm: "Error fetching region" (new TypeError("NetworkError when attempting to fetch resource.", ""))
console.error: Region.jsm: "Failed to fetch region" (new Error("NO_RESULT", "resource://gre/modules/Region.jsm", 422))
1615989357962	mozrunner::runner	INFO	Running command: "/usr/bin/firefox" "-marionette" "-headless" "-foreground" "-no-remote" "-profile" "/tmp/rust_mozprofileWgdaX1"
*** You are running in headless mode.
[GFX1-]: glxtest: libpci missing
[GFX1-]: glxtest: Unable to open a connection to the X server
[GFX1-]: glxtest: libEGL initialize failed
[GFX1-]: No GPUs detected via PCI

(/usr/lib/firefox/firefox:925): GLib-GObject-CRITICAL **: 13:55:58.718: g_object_set: assertion 'G_IS_OBJECT (object)' failed

(/usr/lib/firefox/firefox:943): GLib-GObject-CRITICAL **: 13:55:58.841: g_object_set: assertion 'G_IS_OBJECT (object)' failed
console.warn: SearchSettings: "get: No settings file exists, new profile?" (new Error("", "(unknown module)"))
1615989359940	Marionette	INFO	Listening on port 46855
1615989360009	Marionette	WARN	TLS certificate errors will be ignored for this session

(/usr/lib/firefox/firefox:1008): GLib-GObject-CRITICAL **: 13:56:00.034: g_object_set: assertion 'G_IS_OBJECT (object)' failed
JavaScript error: https://cdn.cookielaw.org/scripttemplates/6.12.0/otBannerSdk.js, line 7: TypeError: s is undefined
1615989375227	mozrunner::runner	INFO	Running command: "/usr/bin/firefox" "-marionette" "-headless" "-foreground" "-no-remote" "-profile" "/tmp/rust_mozprofilesRwtXl"
*** You are running in headless mode.
[GFX1-]: glxtest: libpci missing
[GFX1-]: glxtest: Unable to open a connection to the X server
[GFX1-]: glxtest: libEGL initialize failed
[GFX1-]: No GPUs detected via PCI

(/usr/lib/firefox/firefox:1107): GLib-GObject-CRITICAL **: 13:56:16.092: g_object_set: assertion 'G_IS_OBJECT (object)' failed

(/usr/lib/firefox/firefox:1125): GLib-GObject-CRITICAL **: 13:56:16.211: g_object_set: assertion 'G_IS_OBJECT (object)' failed
console.warn: SearchSettings: "get: No settings file exists, new profile?" (new Error("", "(unknown module)"))
1615989377273	Marionette	INFO	Listening on port 41649

(/usr/lib/firefox/firefox:1189): GLib-GObject-CRITICAL **: 13:56:17.330: g_object_set: assertion 'G_IS_OBJECT (object)' failed
1615989377406	Marionette	WARN	TLS certificate errors will be ignored for this session
console.log: WebExtensions: reset-default-search: No addons in our list are installed.
console.log: WebExtensions: reset-default-search: No addons in our list are installed.
console.log: WebExtensions: reset-default-search: No addons in our list are installed.
console.log: WebExtensions: reset-default-search: No addons in our list are installed.
console.log: WebExtensions: reset-default-search: No addons in our list are installed.
console.log: WebExtensions: reset-default-search: No addons in our list are installed.
